<?xml version="1.0" encoding="UTF-8"?>
<testng-results ignored="1" total="2" passed="1" failed="0" skipped="0">
  <reporter-output>
  </reporter-output>
  <suite started-at="2021-02-25T12:06:48 PST" name="Default suite" finished-at="2021-02-25T12:06:48 PST" duration-ms="99">
    <groups>
    </groups>
    <test started-at="2021-02-25T12:06:48 PST" name="Default test" finished-at="2021-02-25T12:06:48 PST" duration-ms="99">
      <class name="TestNG.SampleTest">
        <test-method signature="PrintNumbers()[pri:0, instance:TestNG.SampleTest@43c1b556]" started-at="2021-02-25T12:06:48 PST" name="PrintNumbers" finished-at="2021-02-25T12:06:48 PST" duration-ms="15" status="PASS">
          <reporter-output>
          </reporter-output>
        </test-method> <!-- PrintNumbers -->
      </class> <!-- TestNG.SampleTest -->
    </test> <!-- Default test -->
  </suite> <!-- Default suite -->
</testng-results>
