<?xml version="1.0" encoding="UTF-8"?>
<testng-results skipped="0" failed="0" ignored="0" total="2" passed="2">
  <reporter-output>
  </reporter-output>
  <suite name="TestNG.SampleTest" duration-ms="58" started-at="2021-02-25T12:38:01 PST" finished-at="2021-02-25T12:38:01 PST">
    <groups>
    </groups>
    <test name="Command line test" duration-ms="58" started-at="2021-02-25T12:38:01 PST" finished-at="2021-02-25T12:38:01 PST">
      <class name="TestNG.SampleTest">
        <test-method status="PASS" signature="PrintHello()[pri:0, instance:TestNG.SampleTest@1fcfece]" name="PrintHello" duration-ms="8" started-at="2021-02-25T12:38:01 PST" finished-at="2021-02-25T12:38:01 PST">
          <reporter-output>
          </reporter-output>
        </test-method> <!-- PrintHello -->
        <test-method status="PASS" signature="PrintNumbers()[pri:0, instance:TestNG.SampleTest@1fcfece]" name="PrintNumbers" duration-ms="1" started-at="2021-02-25T12:38:01 PST" finished-at="2021-02-25T12:38:01 PST">
          <reporter-output>
          </reporter-output>
        </test-method> <!-- PrintNumbers -->
      </class> <!-- TestNG.SampleTest -->
    </test> <!-- Command line test -->
  </suite> <!-- TestNG.SampleTest -->
</testng-results>
